<?xml version="1.0" encoding="UTF-8"?>
<!-- Generated by org.testng.reporters.JUnitXMLReporter -->
<testsuite ignored="0" hostname="ICS-LT-7T7X8C3" failures="0" tests="5" name="Default test(failed)" time="1.367" errors="0" timestamp="2025-06-01T07:20:28 IST">
  <testcase classname="testBase.BaseClass" name="@BeforeClass setup" time="-1.748742627212E9">
    <failure type="org.testng.TestNGException" message="
Parameter &amp;apos;browser&amp;apos; is required by BeforeClass on method setup but has not been marked @Optional or defined
in C:\Users\komalr\eclipse-workspace\myproject\test-output\testng-failed.xml">
      <![CDATA[org.testng.TestNGException: 
Parameter 'browser' is required by BeforeClass on method setup but has not been marked @Optional or defined
in C:\Users\komalr\eclipse-workspace\myproject\test-output\testng-failed.xml
at java.base/java.util.ArrayList.forEach(ArrayList.java:1597)
... Removed 22 stack frames]]>
    </failure>
  </testcase> <!-- @BeforeClass setup -->
  <testcase classname="testBase.BaseClass" name="@AfterClass teardown" time="0.0">
    <skipped/>
  </testcase> <!-- @AfterClass teardown -->
  <testcase classname="testCases.TC003_Login_DDT" name="verifyloginddt" time="0.0">
    <skipped/>
  </testcase> <!-- verifyloginddt -->
  <testcase classname="testCases.TC003_Login_DDT" name="verifyloginddt" time="0.0">
    <skipped/>
  </testcase> <!-- verifyloginddt -->
  <testcase classname="testCases.TC003_Login_DDT" name="verifyloginddt" time="0.0">
    <skipped/>
  </testcase> <!-- verifyloginddt -->
  <testcase classname="testCases.TC003_Login_DDT" name="verifyloginddt" time="0.001">
    <skipped/>
  </testcase> <!-- verifyloginddt -->
  <testcase classname="testCases.TC003_Login_DDT" name="verifyloginddt" time="0.0">
    <skipped/>
  </testcase> <!-- verifyloginddt -->
</testsuite> <!-- Default test(failed) -->
